This file contains any messages produced by compilers while
running configure, to aid debugging if configure makes a mistake.

It was created by configure, which was
generated by GNU Autoconf 2.64.  Invocation command line was

  $ ./configure --enable-libada --enable-libssp --enable-libvtv --enable-libmpx --enable-libhsail-rt --enable-liboffloadmic=host --enable-gold=yes --enable-ld=yes --enable-libquadmath=yes --enable-lto --enable-objc-gc --enable-vtable-verify --enable-werror --enable-host-shared --prefix=/usr/local/Cellar/binutils-gdb/2.29

## --------- ##
## Platform. ##
## --------- ##

hostname = dojos-MacBook-Pro.local
uname -m = x86_64
uname -r = 17.0.0
uname -s = Darwin
uname -v = Darwin Kernel Version 17.0.0: Thu Aug 24 22:01:05 PDT 2017; root:xnu-4570.1.46~3/RELEASE_X86_64

/usr/bin/uname -p = i386
/bin/uname -X     = unknown

/bin/arch              = unknown
/usr/bin/arch -k       = unknown
/usr/convex/getsysinfo = unknown
/usr/bin/hostinfo      = Mach kernel version:
	 Darwin Kernel Version 17.0.0: Thu Aug 24 22:01:05 PDT 2017; root:xnu-4570.1.46~3/RELEASE_X86_64
Kernel configured for up to 4 processors.
2 processors are physically available.
4 processors are logically available.
Processor type: i486 (Intel 80486)
Processors active: 0 1 2 3
Primary memory available: 8.00 gigabytes
Default processor set: 338 tasks, 1305 threads, 4 processors
Load average: 2.21, Mach factor: 1.89
/bin/machine           = unknown
/usr/bin/oslevel       = unknown
/bin/universe          = unknown

PATH: /Library/Frameworks/Python.framework/Versions/3.6/bin
PATH: /usr/local/opt/texinfo/bin
PATH: /usr/local/opt/openssl/lib
PATH: /usr/local/opt/parallel-netcdf/include
PATH: /Users/dojo/work/.npm/bin/
PATH: /Users/dojo/.cargo/bin
PATH: /home/linuxbrew/.linuxbrew/bin
PATH: /Applications/Xcode.app/Contents/Developer/Toolchains/XcodeDefault.xctoolchain/usr/lib/clang/4.2/include
PATH: /opt/local/bin
PATH: /opt/local/sbin
PATH: ~/work/.npm/bin
PATH: /Library/Developer/Toolchains/swift-latest.xctoolchain/usr/bin
PATH: /usr/local/opt/qt/bin
PATH: /Applications/RStudio.app/Contents/MacOS
PATH: /opt/X11/bin
PATH: /usr/local/opt/coreutils/libexec/gnubin
PATH: /usr/local/opt/gcc/lib/gcc/7
PATH: /usr/local/mysql/bin
PATH: /bin
PATH: /bin
PATH: /usr/local/bin
PATH: /usr/local
PATH: /usr/local/sbin
PATH: /usr/local/include
PATH: /usr/local/lib
PATH: /usr/local/cuda/bin
PATH: /usr/local/cuda/nvvm/bin
PATH: /usr/local/bin
PATH: /usr/bin
PATH: /bin
PATH: /usr/sbin
PATH: /sbin
PATH: /opt/X11/bin
PATH: /Library/Frameworks/Mono.framework/Versions/Current/Commands
PATH: /usr/local/opt/tomee-plus/libexec/bin
PATH: /Users/dojo/Library/Android/sdk/platform-tools
PATH: /Users/dojo/Library/Android/sdk/tools
PATH: /Users/dojo/golang/bin
PATH: /usr/local/opt/go/libexec/bin
PATH: /usr/local/opt/apache-spark/libexec
PATH: /usr/local/opt/apache-spark/libexec/sbin
PATH: /Volumes/data/WorkSpace


## ----------- ##
## Core tests. ##
## ----------- ##

configure:2301: checking build system type
configure:2315: result: x86_64-apple-darwin17.0.0
configure:2362: checking host system type
configure:2375: result: x86_64-apple-darwin17.0.0
configure:2395: checking target system type
configure:2408: result: x86_64-apple-darwin17.0.0
configure:2462: checking for a BSD-compatible install
configure:2530: result: /usr/local/opt/coreutils/libexec/gnubin/install -c
configure:2541: checking whether ln works
configure:2563: result: yes
configure:2567: checking whether ln -s works
configure:2571: result: yes
configure:2578: checking for a sed that does not truncate output
configure:2642: result: /usr/local/bin/sed
configure:2651: checking for gawk
configure:2667: found /usr/local/bin/gawk
configure:2678: result: gawk
configure:4014: checking for gcc
configure:4041: result: mpicc
configure:4270: checking for C compiler version
configure:4279: mpicc --version >&5
clang version 5.0.0 (tags/RELEASE_500/final)
Target: x86_64-apple-darwin17.0.0
Thread model: posix
InstalledDir: /usr/local/bin
configure:4290: $? = 0
configure:4279: mpicc -v >&5
clang version 5.0.0 (tags/RELEASE_500/final)
Target: x86_64-apple-darwin17.0.0
Thread model: posix
InstalledDir: /usr/local/bin
Found CUDA installation: /usr/local/cuda, version 8.0
configure:4290: $? = 0
configure:4279: mpicc -V >&5
clang-5.0: error: argument to '-V' is missing (expected 1 value)
clang-5.0: error: no input files
configure:4290: $? = 1
configure:4279: mpicc -qversion >&5
clang-5.0: error: unknown argument: '-qversion'
clang-5.0: error: no input files
configure:4290: $? = 1
configure:4310: checking for C compiler default output file name
configure:4332: mpicc -fomit-frame-pointer -funroll-loops  -ffast-math -Ofast -fno-signed-zeros -ffp-contract=fast -mmmx -msse -flto -maes -march=native    -I/usr/local/opt/libkml/include -I/usr/local/opt/openmp/include -I/usr/local/opt/opencl/include -I/usr/local/opt/valgrind/include -I/usr/local/opt/suite-sparse/include -I/usr/local/opt/tbb/include -I/usr/local/opt/grt/include -I/usr/local/opt/bison/include -I/usr/local/opt/gettext/include -I/usr/local/opt/zlib/include -I/usr/local/opt/openblas/include -I/usr/local/opt/openssl@1.1/include -I/usr/local/opt/sqlite/include -I/usr/local/opt/readline/include -I/usr/local/opt/lapack/include -I/usr/local/opt/open-mpi/include -I/usr/local/opt/binutils/include -I/usr/local/opt/boost-python/include -I/usr/local/opt/boost-mpi/include -I/usr/local/opt/boost/include -I/usr/local/opt/llvm/include -I$/opt/X11/include -L/usr/local/Cellar/gcc/7.2.0/lib/gcc/7/gcc/x86_64-apple-darwin17.0.0/7.2.0/include  -L/usr/local/Cellar/gcc/7.2.0/lib/gcc/7  -L/usr/local/cuda/lib -L/usr/local/cuda/nvvm/lib  -L/usr/local/opt/libkml/lib -L/usr/local/opt/openmp/lib -L/usr/local/opt/opencl/lib -L/usr/local/opt/valgrind/lib -L/usr/local/opt/suite-sparse/lib -L/usr/local/opt/tbb/lib -L/usr/local/opt/grt/lib -L/usr/local/opt/bison/lib -L/usr/local/opt/gettext/lib -L/usr/local/opt/zlib/lib -L/usr/local/opt/openblas/lib -L/usr/local/opt/openssl@1.1/lib -L/usr/local/opt/sqlite/lib -L/usr/local/opt/readline/lib -L/usr/local/opt/lapack/lib -L/usr/local/opt/open-mpi/lib -L/usr/local/opt/binutils/lib -L/usr/local/opt/boost-python/lib -L/usr/local/opt/boost-mpi/lib -L/usr/local/opt/boost/lib -L/usr/local/opt/llvm/lib -L/opt/X11/lib -L/usr/local/Cellar/gcc/7.2.0/lib/gcc/7  -L/usr/local/cuda/lib -L/usr/local/cuda/nvvm/lib  conftest.c  >&5
ld: warning: directory not found for option '-L/usr/local/opt/openmp/lib'
ld: warning: directory not found for option '-L/usr/local/opt/opencl/lib'
configure:4336: $? = 0
configure:4373: result: a.out
configure:4389: checking whether the C compiler works
configure:4398: ./a.out
configure:4402: $? = 0
configure:4417: result: yes
configure:4424: checking whether we are cross compiling
configure:4426: result: no
configure:4429: checking for suffix of executables
configure:4436: mpicc -o conftest -fomit-frame-pointer -funroll-loops  -ffast-math -Ofast -fno-signed-zeros -ffp-contract=fast -mmmx -msse -flto -maes -march=native    -I/usr/local/opt/libkml/include -I/usr/local/opt/openmp/include -I/usr/local/opt/opencl/include -I/usr/local/opt/valgrind/include -I/usr/local/opt/suite-sparse/include -I/usr/local/opt/tbb/include -I/usr/local/opt/grt/include -I/usr/local/opt/bison/include -I/usr/local/opt/gettext/include -I/usr/local/opt/zlib/include -I/usr/local/opt/openblas/include -I/usr/local/opt/openssl@1.1/include -I/usr/local/opt/sqlite/include -I/usr/local/opt/readline/include -I/usr/local/opt/lapack/include -I/usr/local/opt/open-mpi/include -I/usr/local/opt/binutils/include -I/usr/local/opt/boost-python/include -I/usr/local/opt/boost-mpi/include -I/usr/local/opt/boost/include -I/usr/local/opt/llvm/include -I$/opt/X11/include -L/usr/local/Cellar/gcc/7.2.0/lib/gcc/7/gcc/x86_64-apple-darwin17.0.0/7.2.0/include  -L/usr/local/Cellar/gcc/7.2.0/lib/gcc/7  -L/usr/local/cuda/lib -L/usr/local/cuda/nvvm/lib  -L/usr/local/opt/libkml/lib -L/usr/local/opt/openmp/lib -L/usr/local/opt/opencl/lib -L/usr/local/opt/valgrind/lib -L/usr/local/opt/suite-sparse/lib -L/usr/local/opt/tbb/lib -L/usr/local/opt/grt/lib -L/usr/local/opt/bison/lib -L/usr/local/opt/gettext/lib -L/usr/local/opt/zlib/lib -L/usr/local/opt/openblas/lib -L/usr/local/opt/openssl@1.1/lib -L/usr/local/opt/sqlite/lib -L/usr/local/opt/readline/lib -L/usr/local/opt/lapack/lib -L/usr/local/opt/open-mpi/lib -L/usr/local/opt/binutils/lib -L/usr/local/opt/boost-python/lib -L/usr/local/opt/boost-mpi/lib -L/usr/local/opt/boost/lib -L/usr/local/opt/llvm/lib -L/opt/X11/lib -L/usr/local/Cellar/gcc/7.2.0/lib/gcc/7  -L/usr/local/cuda/lib -L/usr/local/cuda/nvvm/lib  conftest.c  >&5
ld: warning: directory not found for option '-L/usr/local/opt/openmp/lib'
ld: warning: directory not found for option '-L/usr/local/opt/opencl/lib'
configure:4440: $? = 0
configure:4462: result: 
configure:4468: checking for suffix of object files
configure:4490: mpicc -c -fomit-frame-pointer -funroll-loops  -ffast-math -Ofast -fno-signed-zeros -ffp-contract=fast -mmmx -msse -flto -maes -march=native    -I/usr/local/opt/libkml/include -I/usr/local/opt/openmp/include -I/usr/local/opt/opencl/include -I/usr/local/opt/valgrind/include -I/usr/local/opt/suite-sparse/include -I/usr/local/opt/tbb/include -I/usr/local/opt/grt/include -I/usr/local/opt/bison/include -I/usr/local/opt/gettext/include -I/usr/local/opt/zlib/include -I/usr/local/opt/openblas/include -I/usr/local/opt/openssl@1.1/include -I/usr/local/opt/sqlite/include -I/usr/local/opt/readline/include -I/usr/local/opt/lapack/include -I/usr/local/opt/open-mpi/include -I/usr/local/opt/binutils/include -I/usr/local/opt/boost-python/include -I/usr/local/opt/boost-mpi/include -I/usr/local/opt/boost/include -I/usr/local/opt/llvm/include -I$/opt/X11/include -L/usr/local/Cellar/gcc/7.2.0/lib/gcc/7/gcc/x86_64-apple-darwin17.0.0/7.2.0/include  -L/usr/local/Cellar/gcc/7.2.0/lib/gcc/7  -L/usr/local/cuda/lib -L/usr/local/cuda/nvvm/lib  conftest.c >&5
clang-5.0: warning: argument unused during compilation: '-L/usr/local/Cellar/gcc/7.2.0/lib/gcc/7/gcc/x86_64-apple-darwin17.0.0/7.2.0/include' [-Wunused-command-line-argument]
clang-5.0: warning: argument unused during compilation: '-L/usr/local/Cellar/gcc/7.2.0/lib/gcc/7' [-Wunused-command-line-argument]
clang-5.0: warning: argument unused during compilation: '-L/usr/local/cuda/lib' [-Wunused-command-line-argument]
clang-5.0: warning: argument unused during compilation: '-L/usr/local/cuda/nvvm/lib' [-Wunused-command-line-argument]
configure:4494: $? = 0
configure:4515: result: o
configure:4519: checking whether we are using the GNU C compiler
configure:4538: mpicc -c -fomit-frame-pointer -funroll-loops  -ffast-math -Ofast -fno-signed-zeros -ffp-contract=fast -mmmx -msse -flto -maes -march=native    -I/usr/local/opt/libkml/include -I/usr/local/opt/openmp/include -I/usr/local/opt/opencl/include -I/usr/local/opt/valgrind/include -I/usr/local/opt/suite-sparse/include -I/usr/local/opt/tbb/include -I/usr/local/opt/grt/include -I/usr/local/opt/bison/include -I/usr/local/opt/gettext/include -I/usr/local/opt/zlib/include -I/usr/local/opt/openblas/include -I/usr/local/opt/openssl@1.1/include -I/usr/local/opt/sqlite/include -I/usr/local/opt/readline/include -I/usr/local/opt/lapack/include -I/usr/local/opt/open-mpi/include -I/usr/local/opt/binutils/include -I/usr/local/opt/boost-python/include -I/usr/local/opt/boost-mpi/include -I/usr/local/opt/boost/include -I/usr/local/opt/llvm/include -I$/opt/X11/include -L/usr/local/Cellar/gcc/7.2.0/lib/gcc/7/gcc/x86_64-apple-darwin17.0.0/7.2.0/include  -L/usr/local/Cellar/gcc/7.2.0/lib/gcc/7  -L/usr/local/cuda/lib -L/usr/local/cuda/nvvm/lib  conftest.c >&5
clang-5.0: warning: argument unused during compilation: '-L/usr/local/Cellar/gcc/7.2.0/lib/gcc/7/gcc/x86_64-apple-darwin17.0.0/7.2.0/include' [-Wunused-command-line-argument]
clang-5.0: warning: argument unused during compilation: '-L/usr/local/Cellar/gcc/7.2.0/lib/gcc/7' [-Wunused-command-line-argument]
clang-5.0: warning: argument unused during compilation: '-L/usr/local/cuda/lib' [-Wunused-command-line-argument]
clang-5.0: warning: argument unused during compilation: '-L/usr/local/cuda/nvvm/lib' [-Wunused-command-line-argument]
configure:4538: $? = 0
configure:4547: result: yes
configure:4556: checking whether mpicc accepts -g
configure:4576: mpicc -c -g -I/usr/local/opt/libkml/include -I/usr/local/opt/openmp/include -I/usr/local/opt/opencl/include -I/usr/local/opt/valgrind/include -I/usr/local/opt/suite-sparse/include -I/usr/local/opt/tbb/include -I/usr/local/opt/grt/include -I/usr/local/opt/bison/include -I/usr/local/opt/gettext/include -I/usr/local/opt/zlib/include -I/usr/local/opt/openblas/include -I/usr/local/opt/openssl@1.1/include -I/usr/local/opt/sqlite/include -I/usr/local/opt/readline/include -I/usr/local/opt/lapack/include -I/usr/local/opt/open-mpi/include -I/usr/local/opt/binutils/include -I/usr/local/opt/boost-python/include -I/usr/local/opt/boost-mpi/include -I/usr/local/opt/boost/include -I/usr/local/opt/llvm/include -I$/opt/X11/include -L/usr/local/Cellar/gcc/7.2.0/lib/gcc/7/gcc/x86_64-apple-darwin17.0.0/7.2.0/include  -L/usr/local/Cellar/gcc/7.2.0/lib/gcc/7  -L/usr/local/cuda/lib -L/usr/local/cuda/nvvm/lib  conftest.c >&5
clang-5.0: warning: argument unused during compilation: '-L/usr/local/Cellar/gcc/7.2.0/lib/gcc/7/gcc/x86_64-apple-darwin17.0.0/7.2.0/include' [-Wunused-command-line-argument]
clang-5.0: warning: argument unused during compilation: '-L/usr/local/Cellar/gcc/7.2.0/lib/gcc/7' [-Wunused-command-line-argument]
clang-5.0: warning: argument unused during compilation: '-L/usr/local/cuda/lib' [-Wunused-command-line-argument]
clang-5.0: warning: argument unused during compilation: '-L/usr/local/cuda/nvvm/lib' [-Wunused-command-line-argument]
configure:4576: $? = 0
configure: failed program was:
| /* confdefs.h */
| #define PACKAGE_NAME ""
| #define PACKAGE_TARNAME ""
| #define PACKAGE_VERSION ""
| #define PACKAGE_STRING ""
| #define PACKAGE_BUGREPORT ""
| #define PACKAGE_URL ""
| /* end confdefs.h.  */
| 
| int
| main ()
| {
| 
|   ;
|   return 0;
| }
configure:4591: mpicc -c  -I/usr/local/opt/libkml/include -I/usr/local/opt/openmp/include -I/usr/local/opt/opencl/include -I/usr/local/opt/valgrind/include -I/usr/local/opt/suite-sparse/include -I/usr/local/opt/tbb/include -I/usr/local/opt/grt/include -I/usr/local/opt/bison/include -I/usr/local/opt/gettext/include -I/usr/local/opt/zlib/include -I/usr/local/opt/openblas/include -I/usr/local/opt/openssl@1.1/include -I/usr/local/opt/sqlite/include -I/usr/local/opt/readline/include -I/usr/local/opt/lapack/include -I/usr/local/opt/open-mpi/include -I/usr/local/opt/binutils/include -I/usr/local/opt/boost-python/include -I/usr/local/opt/boost-mpi/include -I/usr/local/opt/boost/include -I/usr/local/opt/llvm/include -I$/opt/X11/include -L/usr/local/Cellar/gcc/7.2.0/lib/gcc/7/gcc/x86_64-apple-darwin17.0.0/7.2.0/include  -L/usr/local/Cellar/gcc/7.2.0/lib/gcc/7  -L/usr/local/cuda/lib -L/usr/local/cuda/nvvm/lib  conftest.c >&5
clang-5.0: warning: argument unused during compilation: '-L/usr/local/Cellar/gcc/7.2.0/lib/gcc/7/gcc/x86_64-apple-darwin17.0.0/7.2.0/include' [-Wunused-command-line-argument]
clang-5.0: warning: argument unused during compilation: '-L/usr/local/Cellar/gcc/7.2.0/lib/gcc/7' [-Wunused-command-line-argument]
clang-5.0: warning: argument unused during compilation: '-L/usr/local/cuda/lib' [-Wunused-command-line-argument]
clang-5.0: warning: argument unused during compilation: '-L/usr/local/cuda/nvvm/lib' [-Wunused-command-line-argument]
configure:4591: $? = 0
configure: failed program was:
| /* confdefs.h */
| #define PACKAGE_NAME ""
| #define PACKAGE_TARNAME ""
| #define PACKAGE_VERSION ""
| #define PACKAGE_STRING ""
| #define PACKAGE_BUGREPORT ""
| #define PACKAGE_URL ""
| /* end confdefs.h.  */
| 
| int
| main ()
| {
| 
|   ;
|   return 0;
| }
configure:4607: mpicc -c -g -I/usr/local/opt/libkml/include -I/usr/local/opt/openmp/include -I/usr/local/opt/opencl/include -I/usr/local/opt/valgrind/include -I/usr/local/opt/suite-sparse/include -I/usr/local/opt/tbb/include -I/usr/local/opt/grt/include -I/usr/local/opt/bison/include -I/usr/local/opt/gettext/include -I/usr/local/opt/zlib/include -I/usr/local/opt/openblas/include -I/usr/local/opt/openssl@1.1/include -I/usr/local/opt/sqlite/include -I/usr/local/opt/readline/include -I/usr/local/opt/lapack/include -I/usr/local/opt/open-mpi/include -I/usr/local/opt/binutils/include -I/usr/local/opt/boost-python/include -I/usr/local/opt/boost-mpi/include -I/usr/local/opt/boost/include -I/usr/local/opt/llvm/include -I$/opt/X11/include -L/usr/local/Cellar/gcc/7.2.0/lib/gcc/7/gcc/x86_64-apple-darwin17.0.0/7.2.0/include  -L/usr/local/Cellar/gcc/7.2.0/lib/gcc/7  -L/usr/local/cuda/lib -L/usr/local/cuda/nvvm/lib  conftest.c >&5
clang-5.0: warning: argument unused during compilation: '-L/usr/local/Cellar/gcc/7.2.0/lib/gcc/7/gcc/x86_64-apple-darwin17.0.0/7.2.0/include' [-Wunused-command-line-argument]
clang-5.0: warning: argument unused during compilation: '-L/usr/local/Cellar/gcc/7.2.0/lib/gcc/7' [-Wunused-command-line-argument]
clang-5.0: warning: argument unused during compilation: '-L/usr/local/cuda/lib' [-Wunused-command-line-argument]
clang-5.0: warning: argument unused during compilation: '-L/usr/local/cuda/nvvm/lib' [-Wunused-command-line-argument]
configure:4607: $? = 0
configure:4617: result: yes
configure:4634: checking for mpicc option to accept ISO C89
configure:4698: mpicc  -c -fomit-frame-pointer -funroll-loops  -ffast-math -Ofast -fno-signed-zeros -ffp-contract=fast -mmmx -msse -flto -maes -march=native    -I/usr/local/opt/libkml/include -I/usr/local/opt/openmp/include -I/usr/local/opt/opencl/include -I/usr/local/opt/valgrind/include -I/usr/local/opt/suite-sparse/include -I/usr/local/opt/tbb/include -I/usr/local/opt/grt/include -I/usr/local/opt/bison/include -I/usr/local/opt/gettext/include -I/usr/local/opt/zlib/include -I/usr/local/opt/openblas/include -I/usr/local/opt/openssl@1.1/include -I/usr/local/opt/sqlite/include -I/usr/local/opt/readline/include -I/usr/local/opt/lapack/include -I/usr/local/opt/open-mpi/include -I/usr/local/opt/binutils/include -I/usr/local/opt/boost-python/include -I/usr/local/opt/boost-mpi/include -I/usr/local/opt/boost/include -I/usr/local/opt/llvm/include -I$/opt/X11/include -L/usr/local/Cellar/gcc/7.2.0/lib/gcc/7/gcc/x86_64-apple-darwin17.0.0/7.2.0/include  -L/usr/local/Cellar/gcc/7.2.0/lib/gcc/7  -L/usr/local/cuda/lib -L/usr/local/cuda/nvvm/lib  conftest.c >&5
clang-5.0: warning: argument unused during compilation: '-L/usr/local/Cellar/gcc/7.2.0/lib/gcc/7/gcc/x86_64-apple-darwin17.0.0/7.2.0/include' [-Wunused-command-line-argument]
clang-5.0: warning: argument unused during compilation: '-L/usr/local/Cellar/gcc/7.2.0/lib/gcc/7' [-Wunused-command-line-argument]
clang-5.0: warning: argument unused during compilation: '-L/usr/local/cuda/lib' [-Wunused-command-line-argument]
clang-5.0: warning: argument unused during compilation: '-L/usr/local/cuda/nvvm/lib' [-Wunused-command-line-argument]
configure:4698: $? = 0
configure:4711: result: none needed
configure:4843: checking for C++ compiler version
configure:4852: mpicxx --version >&5
clang version 5.0.0 (tags/RELEASE_500/final)
Target: x86_64-apple-darwin17.0.0
Thread model: posix
InstalledDir: /usr/local/bin
configure:4863: $? = 0
configure:4852: mpicxx -v >&5
clang version 5.0.0 (tags/RELEASE_500/final)
Target: x86_64-apple-darwin17.0.0
Thread model: posix
InstalledDir: /usr/local/bin
Found CUDA installation: /usr/local/cuda, version 8.0
configure:4863: $? = 0
configure:4852: mpicxx -V >&5
clang-5.0: error: argument to '-V' is missing (expected 1 value)
clang-5.0: error: no input files
configure:4863: $? = 1
configure:4852: mpicxx -qversion >&5
clang-5.0: error: unknown argument: '-qversion'
clang-5.0: error: no input files
configure:4863: $? = 1
configure:4867: checking whether we are using the GNU C++ compiler
configure:4886: mpicxx -c  -I/usr/local/opt/libkml/include -I/usr/local/opt/openmp/include -I/usr/local/opt/opencl/include -I/usr/local/opt/valgrind/include -I/usr/local/opt/suite-sparse/include -I/usr/local/opt/tbb/include -I/usr/local/opt/grt/include -I/usr/local/opt/bison/include -I/usr/local/opt/gettext/include -I/usr/local/opt/zlib/include -I/usr/local/opt/openblas/include -I/usr/local/opt/openssl@1.1/include -I/usr/local/opt/sqlite/include -I/usr/local/opt/readline/include -I/usr/local/opt/lapack/include -I/usr/local/opt/open-mpi/include -I/usr/local/opt/binutils/include -I/usr/local/opt/boost-python/include -I/usr/local/opt/boost-mpi/include -I/usr/local/opt/boost/include -I/usr/local/opt/llvm/include -I$/opt/X11/include -L/usr/local/Cellar/gcc/7.2.0/lib/gcc/7/gcc/x86_64-apple-darwin17.0.0/7.2.0/include  -L/usr/local/Cellar/gcc/7.2.0/lib/gcc/7  -L/usr/local/cuda/lib -L/usr/local/cuda/nvvm/lib  conftest.cpp >&5
clang-5.0: warning: argument unused during compilation: '-L/usr/local/Cellar/gcc/7.2.0/lib/gcc/7/gcc/x86_64-apple-darwin17.0.0/7.2.0/include' [-Wunused-command-line-argument]
clang-5.0: warning: argument unused during compilation: '-L/usr/local/Cellar/gcc/7.2.0/lib/gcc/7' [-Wunused-command-line-argument]
clang-5.0: warning: argument unused during compilation: '-L/usr/local/cuda/lib' [-Wunused-command-line-argument]
clang-5.0: warning: argument unused during compilation: '-L/usr/local/cuda/nvvm/lib' [-Wunused-command-line-argument]
configure:4886: $? = 0
configure:4895: result: yes
configure:4904: checking whether mpicxx accepts -g
configure:4924: mpicxx -c -g -I/usr/local/opt/libkml/include -I/usr/local/opt/openmp/include -I/usr/local/opt/opencl/include -I/usr/local/opt/valgrind/include -I/usr/local/opt/suite-sparse/include -I/usr/local/opt/tbb/include -I/usr/local/opt/grt/include -I/usr/local/opt/bison/include -I/usr/local/opt/gettext/include -I/usr/local/opt/zlib/include -I/usr/local/opt/openblas/include -I/usr/local/opt/openssl@1.1/include -I/usr/local/opt/sqlite/include -I/usr/local/opt/readline/include -I/usr/local/opt/lapack/include -I/usr/local/opt/open-mpi/include -I/usr/local/opt/binutils/include -I/usr/local/opt/boost-python/include -I/usr/local/opt/boost-mpi/include -I/usr/local/opt/boost/include -I/usr/local/opt/llvm/include -I$/opt/X11/include -L/usr/local/Cellar/gcc/7.2.0/lib/gcc/7/gcc/x86_64-apple-darwin17.0.0/7.2.0/include  -L/usr/local/Cellar/gcc/7.2.0/lib/gcc/7  -L/usr/local/cuda/lib -L/usr/local/cuda/nvvm/lib  conftest.cpp >&5
clang-5.0: warning: argument unused during compilation: '-L/usr/local/Cellar/gcc/7.2.0/lib/gcc/7/gcc/x86_64-apple-darwin17.0.0/7.2.0/include' [-Wunused-command-line-argument]
clang-5.0: warning: argument unused during compilation: '-L/usr/local/Cellar/gcc/7.2.0/lib/gcc/7' [-Wunused-command-line-argument]
clang-5.0: warning: argument unused during compilation: '-L/usr/local/cuda/lib' [-Wunused-command-line-argument]
clang-5.0: warning: argument unused during compilation: '-L/usr/local/cuda/nvvm/lib' [-Wunused-command-line-argument]
configure:4924: $? = 0
configure: failed program was:
| /* confdefs.h */
| #define PACKAGE_NAME ""
| #define PACKAGE_TARNAME ""
| #define PACKAGE_VERSION ""
| #define PACKAGE_STRING ""
| #define PACKAGE_BUGREPORT ""
| #define PACKAGE_URL ""
| /* end confdefs.h.  */
| 
| int
| main ()
| {
| 
|   ;
|   return 0;
| }
configure:4939: mpicxx -c  -I/usr/local/opt/libkml/include -I/usr/local/opt/openmp/include -I/usr/local/opt/opencl/include -I/usr/local/opt/valgrind/include -I/usr/local/opt/suite-sparse/include -I/usr/local/opt/tbb/include -I/usr/local/opt/grt/include -I/usr/local/opt/bison/include -I/usr/local/opt/gettext/include -I/usr/local/opt/zlib/include -I/usr/local/opt/openblas/include -I/usr/local/opt/openssl@1.1/include -I/usr/local/opt/sqlite/include -I/usr/local/opt/readline/include -I/usr/local/opt/lapack/include -I/usr/local/opt/open-mpi/include -I/usr/local/opt/binutils/include -I/usr/local/opt/boost-python/include -I/usr/local/opt/boost-mpi/include -I/usr/local/opt/boost/include -I/usr/local/opt/llvm/include -I$/opt/X11/include -L/usr/local/Cellar/gcc/7.2.0/lib/gcc/7/gcc/x86_64-apple-darwin17.0.0/7.2.0/include  -L/usr/local/Cellar/gcc/7.2.0/lib/gcc/7  -L/usr/local/cuda/lib -L/usr/local/cuda/nvvm/lib  conftest.cpp >&5
clang-5.0: warning: argument unused during compilation: '-L/usr/local/Cellar/gcc/7.2.0/lib/gcc/7/gcc/x86_64-apple-darwin17.0.0/7.2.0/include' [-Wunused-command-line-argument]
clang-5.0: warning: argument unused during compilation: '-L/usr/local/Cellar/gcc/7.2.0/lib/gcc/7' [-Wunused-command-line-argument]
clang-5.0: warning: argument unused during compilation: '-L/usr/local/cuda/lib' [-Wunused-command-line-argument]
clang-5.0: warning: argument unused during compilation: '-L/usr/local/cuda/nvvm/lib' [-Wunused-command-line-argument]
configure:4939: $? = 0
configure: failed program was:
| /* confdefs.h */
| #define PACKAGE_NAME ""
| #define PACKAGE_TARNAME ""
| #define PACKAGE_VERSION ""
| #define PACKAGE_STRING ""
| #define PACKAGE_BUGREPORT ""
| #define PACKAGE_URL ""
| /* end confdefs.h.  */
| 
| int
| main ()
| {
| 
|   ;
|   return 0;
| }
configure:4955: mpicxx -c -g -I/usr/local/opt/libkml/include -I/usr/local/opt/openmp/include -I/usr/local/opt/opencl/include -I/usr/local/opt/valgrind/include -I/usr/local/opt/suite-sparse/include -I/usr/local/opt/tbb/include -I/usr/local/opt/grt/include -I/usr/local/opt/bison/include -I/usr/local/opt/gettext/include -I/usr/local/opt/zlib/include -I/usr/local/opt/openblas/include -I/usr/local/opt/openssl@1.1/include -I/usr/local/opt/sqlite/include -I/usr/local/opt/readline/include -I/usr/local/opt/lapack/include -I/usr/local/opt/open-mpi/include -I/usr/local/opt/binutils/include -I/usr/local/opt/boost-python/include -I/usr/local/opt/boost-mpi/include -I/usr/local/opt/boost/include -I/usr/local/opt/llvm/include -I$/opt/X11/include -L/usr/local/Cellar/gcc/7.2.0/lib/gcc/7/gcc/x86_64-apple-darwin17.0.0/7.2.0/include  -L/usr/local/Cellar/gcc/7.2.0/lib/gcc/7  -L/usr/local/cuda/lib -L/usr/local/cuda/nvvm/lib  conftest.cpp >&5
clang-5.0: warning: argument unused during compilation: '-L/usr/local/Cellar/gcc/7.2.0/lib/gcc/7/gcc/x86_64-apple-darwin17.0.0/7.2.0/include' [-Wunused-command-line-argument]
clang-5.0: warning: argument unused during compilation: '-L/usr/local/Cellar/gcc/7.2.0/lib/gcc/7' [-Wunused-command-line-argument]
clang-5.0: warning: argument unused during compilation: '-L/usr/local/cuda/lib' [-Wunused-command-line-argument]
clang-5.0: warning: argument unused during compilation: '-L/usr/local/cuda/nvvm/lib' [-Wunused-command-line-argument]
configure:4955: $? = 0
configure:4965: result: yes
configure:5014: checking whether g++ accepts -static-libstdc++ -static-libgcc
configure:5031: mpicxx -o conftest -g -O2 -I/usr/local/opt/libkml/include -I/usr/local/opt/openmp/include -I/usr/local/opt/opencl/include -I/usr/local/opt/valgrind/include -I/usr/local/opt/suite-sparse/include -I/usr/local/opt/tbb/include -I/usr/local/opt/grt/include -I/usr/local/opt/bison/include -I/usr/local/opt/gettext/include -I/usr/local/opt/zlib/include -I/usr/local/opt/openblas/include -I/usr/local/opt/openssl@1.1/include -I/usr/local/opt/sqlite/include -I/usr/local/opt/readline/include -I/usr/local/opt/lapack/include -I/usr/local/opt/open-mpi/include -I/usr/local/opt/binutils/include -I/usr/local/opt/boost-python/include -I/usr/local/opt/boost-mpi/include -I/usr/local/opt/boost/include -I/usr/local/opt/llvm/include -I$/opt/X11/include -L/usr/local/Cellar/gcc/7.2.0/lib/gcc/7/gcc/x86_64-apple-darwin17.0.0/7.2.0/include  -L/usr/local/Cellar/gcc/7.2.0/lib/gcc/7  -L/usr/local/cuda/lib -L/usr/local/cuda/nvvm/lib  -L/usr/local/opt/libkml/lib -L/usr/local/opt/openmp/lib -L/usr/local/opt/opencl/lib -L/usr/local/opt/valgrind/lib -L/usr/local/opt/suite-sparse/lib -L/usr/local/opt/tbb/lib -L/usr/local/opt/grt/lib -L/usr/local/opt/bison/lib -L/usr/local/opt/gettext/lib -L/usr/local/opt/zlib/lib -L/usr/local/opt/openblas/lib -L/usr/local/opt/openssl@1.1/lib -L/usr/local/opt/sqlite/lib -L/usr/local/opt/readline/lib -L/usr/local/opt/lapack/lib -L/usr/local/opt/open-mpi/lib -L/usr/local/opt/binutils/lib -L/usr/local/opt/boost-python/lib -L/usr/local/opt/boost-mpi/lib -L/usr/local/opt/boost/lib -L/usr/local/opt/llvm/lib -L/opt/X11/lib -L/usr/local/Cellar/gcc/7.2.0/lib/gcc/7  -L/usr/local/cuda/lib -L/usr/local/cuda/nvvm/lib  -static-libstdc++ -static-libgcc conftest.cpp  >&5
clang-5.0: error: unsupported option '-static-libgcc'
configure:5031: $? = 1
configure: failed program was:
| /* confdefs.h */
| #define PACKAGE_NAME ""
| #define PACKAGE_TARNAME ""
| #define PACKAGE_VERSION ""
| #define PACKAGE_STRING ""
| #define PACKAGE_BUGREPORT ""
| #define PACKAGE_URL ""
| /* end confdefs.h.  */
| 
| #if (__GNUC__ < 4) || (__GNUC__ == 4 && __GNUC_MINOR__ < 5)
| #error -static-libstdc++ not implemented
| #endif
| int main() {}
configure:5035: result: no
configure:5096: checking for gnatbind
configure:5126: result: no
configure:5188: checking for gnatmake
configure:5218: result: no
configure:5237: checking whether compiler driver understands Ada
configure:5260: result: no
configure:5269: checking how to compare bootstrapped objects
configure:5294: result: cmp --ignore-initial=16 $$f1 $$f2
configure:5354: checking for objdir
configure:5369: result: .libs
configure:5917: checking for isl 0.16, 0.15, or deprecated 0.14
configure:5930: mpicc -o conftest -fomit-frame-pointer -funroll-loops  -ffast-math -Ofast -fno-signed-zeros -ffp-contract=fast -mmmx -msse -flto -maes -march=native      -I/usr/local/opt/libkml/include -I/usr/local/opt/openmp/include -I/usr/local/opt/opencl/include -I/usr/local/opt/valgrind/include -I/usr/local/opt/suite-sparse/include -I/usr/local/opt/tbb/include -I/usr/local/opt/grt/include -I/usr/local/opt/bison/include -I/usr/local/opt/gettext/include -I/usr/local/opt/zlib/include -I/usr/local/opt/openblas/include -I/usr/local/opt/openssl@1.1/include -I/usr/local/opt/sqlite/include -I/usr/local/opt/readline/include -I/usr/local/opt/lapack/include -I/usr/local/opt/open-mpi/include -I/usr/local/opt/binutils/include -I/usr/local/opt/boost-python/include -I/usr/local/opt/boost-mpi/include -I/usr/local/opt/boost/include -I/usr/local/opt/llvm/include -I$/opt/X11/include -L/usr/local/Cellar/gcc/7.2.0/lib/gcc/7/gcc/x86_64-apple-darwin17.0.0/7.2.0/include  -L/usr/local/Cellar/gcc/7.2.0/lib/gcc/7  -L/usr/local/cuda/lib -L/usr/local/cuda/nvvm/lib  -L/usr/local/opt/libkml/lib -L/usr/local/opt/openmp/lib -L/usr/local/opt/opencl/lib -L/usr/local/opt/valgrind/lib -L/usr/local/opt/suite-sparse/lib -L/usr/local/opt/tbb/lib -L/usr/local/opt/grt/lib -L/usr/local/opt/bison/lib -L/usr/local/opt/gettext/lib -L/usr/local/opt/zlib/lib -L/usr/local/opt/openblas/lib -L/usr/local/opt/openssl@1.1/lib -L/usr/local/opt/sqlite/lib -L/usr/local/opt/readline/lib -L/usr/local/opt/lapack/lib -L/usr/local/opt/open-mpi/lib -L/usr/local/opt/binutils/lib -L/usr/local/opt/boost-python/lib -L/usr/local/opt/boost-mpi/lib -L/usr/local/opt/boost/lib -L/usr/local/opt/llvm/lib -L/opt/X11/lib -L/usr/local/Cellar/gcc/7.2.0/lib/gcc/7  -L/usr/local/cuda/lib -L/usr/local/cuda/nvvm/lib   -lisl -lmpc -lmpfr -lgmp conftest.c  -lisl -lgmp >&5
ld: warning: directory not found for option '-L/usr/local/opt/openmp/lib'
ld: warning: directory not found for option '-L/usr/local/opt/opencl/lib'
configure:5930: $? = 0
configure:5937: result: yes
configure:5945: checking for isl 0.16 or 0.15
configure:5958: mpicc -o conftest -fomit-frame-pointer -funroll-loops  -ffast-math -Ofast -fno-signed-zeros -ffp-contract=fast -mmmx -msse -flto -maes -march=native      -I/usr/local/opt/libkml/include -I/usr/local/opt/openmp/include -I/usr/local/opt/opencl/include -I/usr/local/opt/valgrind/include -I/usr/local/opt/suite-sparse/include -I/usr/local/opt/tbb/include -I/usr/local/opt/grt/include -I/usr/local/opt/bison/include -I/usr/local/opt/gettext/include -I/usr/local/opt/zlib/include -I/usr/local/opt/openblas/include -I/usr/local/opt/openssl@1.1/include -I/usr/local/opt/sqlite/include -I/usr/local/opt/readline/include -I/usr/local/opt/lapack/include -I/usr/local/opt/open-mpi/include -I/usr/local/opt/binutils/include -I/usr/local/opt/boost-python/include -I/usr/local/opt/boost-mpi/include -I/usr/local/opt/boost/include -I/usr/local/opt/llvm/include -I$/opt/X11/include -L/usr/local/Cellar/gcc/7.2.0/lib/gcc/7/gcc/x86_64-apple-darwin17.0.0/7.2.0/include  -L/usr/local/Cellar/gcc/7.2.0/lib/gcc/7  -L/usr/local/cuda/lib -L/usr/local/cuda/nvvm/lib  -L/usr/local/opt/libkml/lib -L/usr/local/opt/openmp/lib -L/usr/local/opt/opencl/lib -L/usr/local/opt/valgrind/lib -L/usr/local/opt/suite-sparse/lib -L/usr/local/opt/tbb/lib -L/usr/local/opt/grt/lib -L/usr/local/opt/bison/lib -L/usr/local/opt/gettext/lib -L/usr/local/opt/zlib/lib -L/usr/local/opt/openblas/lib -L/usr/local/opt/openssl@1.1/lib -L/usr/local/opt/sqlite/lib -L/usr/local/opt/readline/lib -L/usr/local/opt/lapack/lib -L/usr/local/opt/open-mpi/lib -L/usr/local/opt/binutils/lib -L/usr/local/opt/boost-python/lib -L/usr/local/opt/boost-mpi/lib -L/usr/local/opt/boost/lib -L/usr/local/opt/llvm/lib -L/opt/X11/lib -L/usr/local/Cellar/gcc/7.2.0/lib/gcc/7  -L/usr/local/cuda/lib -L/usr/local/cuda/nvvm/lib   -lisl -lmpc -lmpfr -lgmp conftest.c  -lisl -lgmp >&5
ld: warning: directory not found for option '-L/usr/local/opt/openmp/lib'
ld: warning: directory not found for option '-L/usr/local/opt/opencl/lib'
configure:5958: $? = 0
configure:5965: result: yes
configure:6979: checking for default BUILD_CONFIG
configure:7011: result: 
configure:7016: checking for --enable-vtable-verify
configure:7029: result: yes
configure:7629: checking for bison
configure:7645: found /usr/bin/bison
configure:7656: result: bison -y
configure:7676: checking for bison
configure:7692: found /usr/bin/bison
configure:7703: result: bison
configure:7723: checking for gm4
configure:7739: found /usr/bin/gm4
configure:7750: result: gm4
configure:7770: checking for flex
configure:7786: found /usr/bin/flex
configure:7797: result: flex
configure:7818: checking for flex
configure:7834: found /usr/bin/flex
configure:7845: result: flex
configure:7865: checking for makeinfo
configure:7881: found /usr/bin/makeinfo
configure:7892: result: makeinfo
configure:7926: checking for expect
configure:7942: found /usr/bin/expect
configure:7953: result: expect
configure:7975: checking for runtest
configure:8005: result: no
configure:8120: checking for ar
configure:8136: found /usr/bin/ar
configure:8147: result: ar
configure:8261: checking for as
configure:8277: found /usr/bin/as
configure:8288: result: as
configure:8402: checking for dlltool
configure:8432: result: no
configure:8462: checking for ld
configure:8489: result: /usr/bin/ld
configure:8684: checking for lipo
configure:8700: found /usr/bin/lipo
configure:8711: result: lipo
configure:8825: checking for nm
configure:8841: found /usr/bin/nm
configure:8852: result: nm
configure:8966: checking for ranlib
configure:8982: found /usr/bin/ranlib
configure:8993: result: ranlib
configure:9102: checking for strip
configure:9118: found /usr/bin/strip
configure:9129: result: strip
configure:9238: checking for windres
configure:9268: result: no
configure:9379: checking for windmc
configure:9409: result: no
configure:9520: checking for objcopy
configure:9550: result: no
configure:9661: checking for objdump
configure:9677: found /usr/bin/objdump
configure:9688: result: objdump
configure:9802: checking for readelf
configure:9832: result: no
configure:9982: checking for cc
configure:9998: found /usr/bin/cc
configure:10009: result: cc
configure:10143: checking for c++
configure:10159: found /usr/bin/c++
configure:10170: result: c++
configure:10304: checking for gcc
configure:10320: found /usr/local/bin/gcc
configure:10331: result: gcc
configure:10460: checking for gfortran
configure:10476: found /usr/local/bin/gfortran
configure:10487: result: gfortran
configure:10621: checking for gccgo
configure:10651: result: no
configure:10862: checking for ar
configure:10878: found /usr/bin/ar
configure:10889: result: ar
configure:11092: checking for as
configure:11108: found /usr/bin/as
configure:11119: result: as
configure:11322: checking for dlltool
configure:11352: result: no
configure:11552: checking for ld
configure:11568: found /usr/bin/ld
configure:11579: result: ld
configure:11782: checking for lipo
configure:11798: found /usr/bin/lipo
configure:11809: result: lipo
configure:12012: checking for nm
configure:12028: found /usr/bin/nm
configure:12039: result: nm
configure:12242: checking for objcopy
configure:12272: result: no
configure:12472: checking for objdump
configure:12488: found /usr/bin/objdump
configure:12499: result: objdump
configure:12702: checking for ranlib
configure:12718: found /usr/bin/ranlib
configure:12729: result: ranlib
configure:12932: checking for readelf
configure:12962: result: no
configure:13162: checking for strip
configure:13178: found /usr/bin/strip
configure:13189: result: strip
configure:13392: checking for windres
configure:13422: result: no
configure:13622: checking for windmc
configure:13652: result: no
configure:13680: checking where to find the target ar
configure:13703: result: just compiled
configure:13722: checking where to find the target as
configure:13755: result: host tool
configure:13764: checking where to find the target cc
configure:13797: result: host tool
configure:13806: checking where to find the target c++
configure:13842: result: host tool
configure:13851: checking where to find the target c++ for libstdc++
configure:13887: result: host tool
configure:13896: checking where to find the target dlltool
configure:13919: result: just compiled
configure:13938: checking where to find the target gcc
configure:13971: result: host tool
configure:13980: checking where to find the target gfortran
configure:14016: result: host tool
configure:14025: checking where to find the target gccgo
configure:14061: result: host tool
configure:14070: checking where to find the target ld
configure:14103: result: host tool
configure:14112: checking where to find the target lipo
configure:14134: result: host tool
configure:14143: checking where to find the target nm
configure:14166: result: just compiled
configure:14185: checking where to find the target objcopy
configure:14208: result: just compiled
configure:14227: checking where to find the target objdump
configure:14250: result: just compiled
configure:14269: checking where to find the target ranlib
configure:14292: result: just compiled
configure:14311: checking where to find the target readelf
configure:14334: result: just compiled
configure:14353: checking where to find the target strip
configure:14376: result: just compiled
configure:14395: checking where to find the target windres
configure:14418: result: just compiled
configure:14437: checking where to find the target windmc
configure:14460: result: just compiled
configure:14507: checking whether to enable maintainer-specific portions of Makefiles
configure:14516: result: no
configure:14774: creating ./config.status

## ---------------------- ##
## Running config.status. ##
## ---------------------- ##

This file was extended by config.status, which was
generated by GNU Autoconf 2.64.  Invocation command line was

  CONFIG_FILES    = 
  CONFIG_HEADERS  = 
  CONFIG_LINKS    = 
  CONFIG_COMMANDS = 
  $ ./config.status 

on dojos-MacBook-Pro.local

config.status:962: creating Makefile

## ---------------- ##
## Cache variables. ##
## ---------------- ##

ac_cv_build=x86_64-apple-darwin17.0.0
ac_cv_c_compiler_gnu=yes
ac_cv_cxx_compiler_gnu=yes
ac_cv_env_AR_FOR_TARGET_set=
ac_cv_env_AR_FOR_TARGET_value=
ac_cv_env_AR_set=
ac_cv_env_AR_value=
ac_cv_env_AS_FOR_TARGET_set=
ac_cv_env_AS_FOR_TARGET_value=
ac_cv_env_AS_set=
ac_cv_env_AS_value=
ac_cv_env_CCC_set=
ac_cv_env_CCC_value=
ac_cv_env_CC_FOR_TARGET_set=
ac_cv_env_CC_FOR_TARGET_value=
ac_cv_env_CC_set=set
ac_cv_env_CC_value=mpicc
ac_cv_env_CFLAGS_set=set
ac_cv_env_CFLAGS_value='-fomit-frame-pointer -funroll-loops  -ffast-math -Ofast -fno-signed-zeros -ffp-contract=fast -mmmx -msse -flto -maes -march=native   '
ac_cv_env_CPPFLAGS_set=set
ac_cv_env_CPPFLAGS_value='-I/usr/local/opt/libkml/include -I/usr/local/opt/openmp/include -I/usr/local/opt/opencl/include -I/usr/local/opt/valgrind/include -I/usr/local/opt/suite-sparse/include -I/usr/local/opt/tbb/include -I/usr/local/opt/grt/include -I/usr/local/opt/bison/include -I/usr/local/opt/gettext/include -I/usr/local/opt/zlib/include -I/usr/local/opt/openblas/include -I/usr/local/opt/openssl@1.1/include -I/usr/local/opt/sqlite/include -I/usr/local/opt/readline/include -I/usr/local/opt/lapack/include -I/usr/local/opt/open-mpi/include -I/usr/local/opt/binutils/include -I/usr/local/opt/boost-python/include -I/usr/local/opt/boost-mpi/include -I/usr/local/opt/boost/include -I/usr/local/opt/llvm/include -I$/opt/X11/include -L/usr/local/Cellar/gcc/7.2.0/lib/gcc/7/gcc/x86_64-apple-darwin17.0.0/7.2.0/include  -L/usr/local/Cellar/gcc/7.2.0/lib/gcc/7  -L/usr/local/cuda/lib -L/usr/local/cuda/nvvm/lib '
ac_cv_env_CXXFLAGS_set=
ac_cv_env_CXXFLAGS_value=
ac_cv_env_CXX_FOR_TARGET_set=
ac_cv_env_CXX_FOR_TARGET_value=
ac_cv_env_CXX_set=set
ac_cv_env_CXX_value=mpicxx
ac_cv_env_DLLTOOL_FOR_TARGET_set=
ac_cv_env_DLLTOOL_FOR_TARGET_value=
ac_cv_env_DLLTOOL_set=
ac_cv_env_DLLTOOL_value=
ac_cv_env_GCC_FOR_TARGET_set=
ac_cv_env_GCC_FOR_TARGET_value=
ac_cv_env_GFORTRAN_FOR_TARGET_set=
ac_cv_env_GFORTRAN_FOR_TARGET_value=
ac_cv_env_GOC_FOR_TARGET_set=
ac_cv_env_GOC_FOR_TARGET_value=
ac_cv_env_LDFLAGS_set=set
ac_cv_env_LDFLAGS_value='-L/usr/local/opt/libkml/lib -L/usr/local/opt/openmp/lib -L/usr/local/opt/opencl/lib -L/usr/local/opt/valgrind/lib -L/usr/local/opt/suite-sparse/lib -L/usr/local/opt/tbb/lib -L/usr/local/opt/grt/lib -L/usr/local/opt/bison/lib -L/usr/local/opt/gettext/lib -L/usr/local/opt/zlib/lib -L/usr/local/opt/openblas/lib -L/usr/local/opt/openssl@1.1/lib -L/usr/local/opt/sqlite/lib -L/usr/local/opt/readline/lib -L/usr/local/opt/lapack/lib -L/usr/local/opt/open-mpi/lib -L/usr/local/opt/binutils/lib -L/usr/local/opt/boost-python/lib -L/usr/local/opt/boost-mpi/lib -L/usr/local/opt/boost/lib -L/usr/local/opt/llvm/lib -L/opt/X11/lib -L/usr/local/Cellar/gcc/7.2.0/lib/gcc/7  -L/usr/local/cuda/lib -L/usr/local/cuda/nvvm/lib '
ac_cv_env_LD_FOR_TARGET_set=
ac_cv_env_LD_FOR_TARGET_value=
ac_cv_env_LD_set=
ac_cv_env_LD_value=
ac_cv_env_LIBS_set=
ac_cv_env_LIBS_value=
ac_cv_env_LIPO_FOR_TARGET_set=
ac_cv_env_LIPO_FOR_TARGET_value=
ac_cv_env_LIPO_set=
ac_cv_env_LIPO_value=
ac_cv_env_NM_FOR_TARGET_set=
ac_cv_env_NM_FOR_TARGET_value=
ac_cv_env_NM_set=
ac_cv_env_NM_value=
ac_cv_env_OBJCOPY_FOR_TARGET_set=
ac_cv_env_OBJCOPY_FOR_TARGET_value=
ac_cv_env_OBJCOPY_set=
ac_cv_env_OBJCOPY_value=
ac_cv_env_OBJDUMP_FOR_TARGET_set=
ac_cv_env_OBJDUMP_FOR_TARGET_value=
ac_cv_env_OBJDUMP_set=
ac_cv_env_OBJDUMP_value=
ac_cv_env_RANLIB_FOR_TARGET_set=
ac_cv_env_RANLIB_FOR_TARGET_value=
ac_cv_env_RANLIB_set=
ac_cv_env_RANLIB_value=
ac_cv_env_READELF_FOR_TARGET_set=
ac_cv_env_READELF_FOR_TARGET_value=
ac_cv_env_READELF_set=
ac_cv_env_READELF_value=
ac_cv_env_STRIP_FOR_TARGET_set=
ac_cv_env_STRIP_FOR_TARGET_value=
ac_cv_env_STRIP_set=
ac_cv_env_STRIP_value=
ac_cv_env_WINDMC_FOR_TARGET_set=
ac_cv_env_WINDMC_FOR_TARGET_value=
ac_cv_env_WINDMC_set=
ac_cv_env_WINDMC_value=
ac_cv_env_WINDRES_FOR_TARGET_set=
ac_cv_env_WINDRES_FOR_TARGET_value=
ac_cv_env_WINDRES_set=
ac_cv_env_WINDRES_value=
ac_cv_env_build_alias_set=
ac_cv_env_build_alias_value=
ac_cv_env_build_configargs_set=
ac_cv_env_build_configargs_value=
ac_cv_env_host_alias_set=
ac_cv_env_host_alias_value=
ac_cv_env_host_configargs_set=
ac_cv_env_host_configargs_value=
ac_cv_env_target_alias_set=
ac_cv_env_target_alias_value=
ac_cv_env_target_configargs_set=
ac_cv_env_target_configargs_value=
ac_cv_host=x86_64-apple-darwin17.0.0
ac_cv_objext=o
ac_cv_path_SED=/usr/local/bin/sed
ac_cv_path_install='/usr/local/opt/coreutils/libexec/gnubin/install -c'
ac_cv_prog_AR=ar
ac_cv_prog_AR_FOR_TARGET=ar
ac_cv_prog_AS=as
ac_cv_prog_AS_FOR_TARGET=as
ac_cv_prog_AWK=gawk
ac_cv_prog_BISON=bison
ac_cv_prog_CC_FOR_TARGET=cc
ac_cv_prog_CXX_FOR_TARGET=c++
ac_cv_prog_EXPECT=expect
ac_cv_prog_FLEX=flex
ac_cv_prog_GCC_FOR_TARGET=gcc
ac_cv_prog_GFORTRAN_FOR_TARGET=gfortran
ac_cv_prog_LD=/usr/bin/ld
ac_cv_prog_LD_FOR_TARGET=ld
ac_cv_prog_LEX=flex
ac_cv_prog_LIPO=lipo
ac_cv_prog_LIPO_FOR_TARGET=lipo
ac_cv_prog_M4=gm4
ac_cv_prog_MAKEINFO=makeinfo
ac_cv_prog_NM=nm
ac_cv_prog_NM_FOR_TARGET=nm
ac_cv_prog_OBJDUMP=objdump
ac_cv_prog_OBJDUMP_FOR_TARGET=objdump
ac_cv_prog_RANLIB=ranlib
ac_cv_prog_RANLIB_FOR_TARGET=ranlib
ac_cv_prog_STRIP=strip
ac_cv_prog_STRIP_FOR_TARGET=strip
ac_cv_prog_YACC='bison -y'
ac_cv_prog_ac_ct_CC=mpicc
ac_cv_prog_cc_c89=
ac_cv_prog_cc_g=yes
ac_cv_prog_cxx_g=yes
ac_cv_target=x86_64-apple-darwin17.0.0
acx_cv_cc_gcc_supports_ada=no
acx_cv_prog_LN=ln
gcc_cv_isl=yes
gcc_cv_prog_cmp_skip='cmp --ignore-initial=16 $$f1 $$f2'
gcc_cv_tool_dirs=
gcc_cv_tool_prefix=/usr/local/Cellar/binutils-gdb/2.29
lt_cv_objdir=.libs

## ----------------- ##
## Output variables. ##
## ----------------- ##

AR='ar'
AR_FOR_BUILD='$(AR)'
AR_FOR_TARGET='$$r/$(HOST_SUBDIR)/binutils/ar'
AS='as'
AS_FOR_BUILD='$(AS)'
AS_FOR_TARGET='$(AS)'
AWK='gawk'
BISON='bison'
BUILD_CONFIG=''
CC='mpicc'
CC_FOR_BUILD='$(CC)'
CC_FOR_TARGET='$(CC)'
CFLAGS='-fomit-frame-pointer -funroll-loops  -ffast-math -Ofast -fno-signed-zeros -ffp-contract=fast -mmmx -msse -flto -maes -march=native   '
CFLAGS_FOR_BUILD='-fomit-frame-pointer -funroll-loops  -ffast-math -Ofast -fno-signed-zeros -ffp-contract=fast -mmmx -msse -flto -maes -march=native   '
CFLAGS_FOR_TARGET='-g -O2 -fomit-frame-pointer -funroll-loops  -ffast-math -Ofast -fno-signed-zeros -ffp-contract=fast -mmmx -msse -flto -maes -march=native   '
COMPILER_AS_FOR_TARGET='$(AS_FOR_TARGET)'
COMPILER_LD_FOR_TARGET='$(LD_FOR_TARGET)'
COMPILER_NM_FOR_TARGET='$(NM_FOR_TARGET)'
CONFIGURE_GDB_TK=''
CPPFLAGS='-I/usr/local/opt/libkml/include -I/usr/local/opt/openmp/include -I/usr/local/opt/opencl/include -I/usr/local/opt/valgrind/include -I/usr/local/opt/suite-sparse/include -I/usr/local/opt/tbb/include -I/usr/local/opt/grt/include -I/usr/local/opt/bison/include -I/usr/local/opt/gettext/include -I/usr/local/opt/zlib/include -I/usr/local/opt/openblas/include -I/usr/local/opt/openssl@1.1/include -I/usr/local/opt/sqlite/include -I/usr/local/opt/readline/include -I/usr/local/opt/lapack/include -I/usr/local/opt/open-mpi/include -I/usr/local/opt/binutils/include -I/usr/local/opt/boost-python/include -I/usr/local/opt/boost-mpi/include -I/usr/local/opt/boost/include -I/usr/local/opt/llvm/include -I$/opt/X11/include -L/usr/local/Cellar/gcc/7.2.0/lib/gcc/7/gcc/x86_64-apple-darwin17.0.0/7.2.0/include  -L/usr/local/Cellar/gcc/7.2.0/lib/gcc/7  -L/usr/local/cuda/lib -L/usr/local/cuda/nvvm/lib '
CXX='mpicxx'
CXXFLAGS='-g -O2'
CXXFLAGS_FOR_BUILD='-g -O2'
CXXFLAGS_FOR_TARGET='-g -O2'
CXX_FOR_BUILD='$(CXX)'
CXX_FOR_TARGET='$(CXX)'
DEBUG_PREFIX_CFLAGS_FOR_TARGET=''
DEFS='-DPACKAGE_NAME=\"\" -DPACKAGE_TARNAME=\"\" -DPACKAGE_VERSION=\"\" -DPACKAGE_STRING=\"\" -DPACKAGE_BUGREPORT=\"\" -DPACKAGE_URL=\"\" -DLT_OBJDIR=\".libs/\"'
DLLTOOL='dlltool'
DLLTOOL_FOR_BUILD='$(DLLTOOL)'
DLLTOOL_FOR_TARGET='$$r/$(HOST_SUBDIR)/binutils/dlltool'
ECHO_C='\c'
ECHO_N=''
ECHO_T=''
EXEEXT=''
EXPECT='expect'
FLAGS_FOR_TARGET=''
FLEX='flex'
GCC_FOR_TARGET='$()'
GCC_SHLIB_SUBDIR=''
GDB_TK=''
GFORTRAN_FOR_BUILD='$(GFORTRAN)'
GFORTRAN_FOR_TARGET='$(GFORTRAN)'
GNATBIND='no'
GNATMAKE='no'
GOC_FOR_BUILD='$(GOC)'
GOC_FOR_TARGET='$(GOC)'
INSTALL_DATA='${INSTALL} -m 644'
INSTALL_GDB_TK=''
INSTALL_PROGRAM='${INSTALL}'
INSTALL_SCRIPT='${INSTALL}'
LD='/usr/bin/ld'
LDFLAGS='-L/usr/local/opt/libkml/lib -L/usr/local/opt/openmp/lib -L/usr/local/opt/opencl/lib -L/usr/local/opt/valgrind/lib -L/usr/local/opt/suite-sparse/lib -L/usr/local/opt/tbb/lib -L/usr/local/opt/grt/lib -L/usr/local/opt/bison/lib -L/usr/local/opt/gettext/lib -L/usr/local/opt/zlib/lib -L/usr/local/opt/openblas/lib -L/usr/local/opt/openssl@1.1/lib -L/usr/local/opt/sqlite/lib -L/usr/local/opt/readline/lib -L/usr/local/opt/lapack/lib -L/usr/local/opt/open-mpi/lib -L/usr/local/opt/binutils/lib -L/usr/local/opt/boost-python/lib -L/usr/local/opt/boost-mpi/lib -L/usr/local/opt/boost/lib -L/usr/local/opt/llvm/lib -L/opt/X11/lib -L/usr/local/Cellar/gcc/7.2.0/lib/gcc/7  -L/usr/local/cuda/lib -L/usr/local/cuda/nvvm/lib '
LDFLAGS_FOR_BUILD='-L/usr/local/opt/libkml/lib -L/usr/local/opt/openmp/lib -L/usr/local/opt/opencl/lib -L/usr/local/opt/valgrind/lib -L/usr/local/opt/suite-sparse/lib -L/usr/local/opt/tbb/lib -L/usr/local/opt/grt/lib -L/usr/local/opt/bison/lib -L/usr/local/opt/gettext/lib -L/usr/local/opt/zlib/lib -L/usr/local/opt/openblas/lib -L/usr/local/opt/openssl@1.1/lib -L/usr/local/opt/sqlite/lib -L/usr/local/opt/readline/lib -L/usr/local/opt/lapack/lib -L/usr/local/opt/open-mpi/lib -L/usr/local/opt/binutils/lib -L/usr/local/opt/boost-python/lib -L/usr/local/opt/boost-mpi/lib -L/usr/local/opt/boost/lib -L/usr/local/opt/llvm/lib -L/opt/X11/lib -L/usr/local/Cellar/gcc/7.2.0/lib/gcc/7  -L/usr/local/cuda/lib -L/usr/local/cuda/nvvm/lib '
LDFLAGS_FOR_TARGET=''
LD_FOR_BUILD='$(LD)'
LD_FOR_TARGET='$(LD)'
LEX='flex'
LIBOBJS=''
LIBS=''
LIPO='lipo'
LIPO_FOR_TARGET='$(LIPO)'
LN='ln'
LN_S='ln -s'
LTLIBOBJS=''
M4='gm4'
MAINT='#'
MAINTAINER_MODE_FALSE=''
MAINTAINER_MODE_TRUE='#'
MAKEINFO='makeinfo'
NM='nm'
NM_FOR_BUILD='$(NM)'
NM_FOR_TARGET='$$r/$(HOST_SUBDIR)/binutils/nm-new'
OBJCOPY='objcopy'
OBJCOPY_FOR_TARGET='$$r/$(HOST_SUBDIR)/binutils/objcopy'
OBJDUMP='objdump'
OBJDUMP_FOR_TARGET='$$r/$(HOST_SUBDIR)/binutils/objdump'
OBJEXT='o'
PACKAGE_BUGREPORT=''
PACKAGE_NAME=''
PACKAGE_STRING=''
PACKAGE_TARNAME=''
PACKAGE_URL=''
PACKAGE_VERSION=''
PATH_SEPARATOR=':'
RANLIB='ranlib'
RANLIB_FOR_BUILD='$(RANLIB)'
RANLIB_FOR_TARGET='$$r/$(HOST_SUBDIR)/binutils/ranlib'
RAW_CXX_FOR_TARGET='$(CXX)'
READELF='readelf'
READELF_FOR_TARGET='$$r/$(HOST_SUBDIR)/binutils/readelf'
RPATH_ENVVAR='DYLD_LIBRARY_PATH'
RUNTEST='runtest'
SED='/usr/local/bin/sed'
SHELL='/bin/sh'
STRIP='strip'
STRIP_FOR_TARGET='$$r/$(HOST_SUBDIR)/binutils/strip-new'
SYSROOT_CFLAGS_FOR_TARGET=''
TOPLEVEL_CONFIGURE_ARGUMENTS='./configure --enable-libada --enable-libssp --enable-libvtv --enable-libmpx --enable-libhsail-rt --enable-liboffloadmic=host --enable-gold=yes --enable-ld=yes --enable-libquadmath=yes --enable-lto --enable-objc-gc --enable-vtable-verify --enable-werror --enable-host-shared --prefix=/usr/local/Cellar/binutils-gdb/2.29'
WINDMC='windmc'
WINDMC_FOR_BUILD='$(WINDMC)'
WINDMC_FOR_TARGET='$$r/$(HOST_SUBDIR)/binutils/windmc'
WINDRES='windres'
WINDRES_FOR_BUILD='$(WINDRES)'
WINDRES_FOR_TARGET='$$r/$(HOST_SUBDIR)/binutils/windres'
YACC='bison -y'
ac_ct_CC='mpicc'
ac_ct_CXX=''
bindir='${exec_prefix}/bin'
build='x86_64-apple-darwin17.0.0'
build_alias=''
build_configargs=' --cache-file=./config.cache '\''--enable-libada'\'' '\''--enable-libssp'\'' '\''--enable-libvtv'\'' '\''--enable-libmpx'\'' '\''--enable-libhsail-rt'\'' '\''--enable-liboffloadmic=host'\'' '\''--enable-gold=yes'\'' '\''--enable-ld=yes'\'' '\''--enable-libquadmath=yes'\'' '\''--enable-lto'\'' '\''--enable-objc-gc'\'' '\''--enable-vtable-verify'\'' '\''--enable-werror'\'' '\''--enable-host-shared'\'' '\''--prefix=/usr/local/Cellar/binutils-gdb/2.29'\'' --program-transform-name='\''s,y,y,'\'' --disable-option-checking'
build_configdirs=' libiberty'
build_cpu='x86_64'
build_libsubdir='build-x86_64-apple-darwin17.0.0'
build_noncanonical='x86_64-apple-darwin17.0.0'
build_os='darwin17.0.0'
build_subdir='build-x86_64-apple-darwin17.0.0'
build_tooldir='${exec_prefix}/x86_64-apple-darwin17.0.0'
build_vendor='apple'
compare_exclusions='gcc/cc*-checksum$(objext) | gcc/ada/*tools/*'
configdirs=' intl libiberty opcodes bfd readline zlib libdecnumber binutils gdb etc'
datadir='${datarootdir}'
datarootdir='${prefix}/share'
do_compare='cmp --ignore-initial=16 $$f1 $$f2'
docdir='${datarootdir}/doc/${PACKAGE}'
dvidir='${docdir}'
exec_prefix='${prefix}'
extra_host_libiberty_configure_flags=''
extra_host_zlib_configure_flags=''
extra_isl_gmp_configure_flags=''
extra_liboffloadmic_configure_flags=''
extra_linker_plugin_configure_flags=''
extra_linker_plugin_flags=''
extra_mpc_gmp_configure_flags=''
extra_mpc_mpfr_configure_flags=''
extra_mpfr_configure_flags=''
gmpinc=''
gmplibs='-lmpc -lmpfr -lgmp'
host='x86_64-apple-darwin17.0.0'
host_alias=''
host_configargs=' --cache-file=./config.cache  '\''--enable-libada'\'' '\''--enable-libssp'\'' '\''--enable-libvtv'\'' '\''--enable-libmpx'\'' '\''--enable-libhsail-rt'\'' '\''--enable-liboffloadmic=host'\'' '\''--enable-gold=yes'\'' '\''--enable-ld=yes'\'' '\''--enable-libquadmath=yes'\'' '\''--enable-lto'\'' '\''--enable-objc-gc'\'' '\''--enable-vtable-verify'\'' '\''--enable-werror'\'' '\''--enable-host-shared'\'' '\''--prefix=/usr/local/Cellar/binutils-gdb/2.29'\'' --program-transform-name='\''s,y,y,'\'' --disable-option-checking'
host_cpu='x86_64'
host_noncanonical='x86_64-apple-darwin17.0.0'
host_os='darwin17.0.0'
host_shared='yes'
host_subdir='.'
host_vendor='apple'
htmldir='${docdir}'
includedir='${prefix}/include'
infodir='${datarootdir}/info'
islinc=''
isllibs=' -lisl'
islver='0.15'
libdir='${exec_prefix}/lib'
libexecdir='${exec_prefix}/libexec'
localedir='${datarootdir}/locale'
localstatedir='${prefix}/var'
mandir='${datarootdir}/man'
oldincludedir='/usr/include'
pdfdir='${docdir}'
poststage1_ldflags='-static-libstdc++ -static-libgcc'
poststage1_libs=''
prefix='/usr/local/Cellar/binutils-gdb/2.29'
program_transform_name='s,y,y,'
psdir='${docdir}'
sbindir='${exec_prefix}/sbin'
sharedstatedir='${prefix}/com'
stage1_cflags='-g'
stage1_checking='--enable-checking=yes,types'
stage1_languages=',c,'
stage1_ldflags=''
stage1_libs=''
stage2_werror_flag='--enable-werror-always'
sysconfdir='${prefix}/etc'
target='x86_64-apple-darwin17.0.0'
target_alias=''
target_configargs='--cache-file=./config.cache --enable-multilib   '\''--enable-libada'\'' '\''--enable-libssp'\'' '\''--enable-libvtv'\'' '\''--enable-libmpx'\'' '\''--enable-libhsail-rt'\'' '\''--enable-liboffloadmic=host'\'' '\''--enable-gold=yes'\'' '\''--enable-ld=yes'\'' '\''--enable-libquadmath=yes'\'' '\''--enable-lto'\'' '\''--enable-objc-gc'\'' '\''--enable-vtable-verify'\'' '\''--enable-werror'\'' '\''--enable-host-shared'\'' '\''--prefix=/usr/local/Cellar/binutils-gdb/2.29'\'' --program-transform-name='\''s,y,y,'\'' --disable-option-checking'
target_configdirs=''
target_cpu='x86_64'
target_noncanonical='x86_64-apple-darwin17.0.0'
target_os='darwin17.0.0'
target_subdir='x86_64-apple-darwin17.0.0'
target_vendor='apple'
tooldir='${exec_prefix}/x86_64-apple-darwin17.0.0'

## ------------------- ##
## File substitutions. ##
## ------------------- ##

alphaieee_frag='/dev/null'
host_makefile_frag='./config/mh-darwin'
ospace_frag='/dev/null'
serialization_dependencies='serdep.tmp'
target_makefile_frag='/dev/null'

## ----------- ##
## confdefs.h. ##
## ----------- ##

/* confdefs.h */
#define PACKAGE_NAME ""
#define PACKAGE_TARNAME ""
#define PACKAGE_VERSION ""
#define PACKAGE_STRING ""
#define PACKAGE_BUGREPORT ""
#define PACKAGE_URL ""
#define LT_OBJDIR ".libs/"

configure: exit 0
